Flow report for sqrtmachine
Thu Jun 04 23:44:01 2020
Quartus II 64-Bit Version 13.0.1 Build 232 06/12/2013 Service Pack 1 SJ Web Edition


---------------------
; Table of Contents ;
---------------------
  1. Legal Notice
  2. Flow Summary
  3. Flow Settings
  4. Flow Non-Default Global Settings
  5. Flow Elapsed Time
  6. Flow OS Summary
  7. Flow Log
  8. Flow Messages
  9. Flow Suppressed Messages



----------------
; Legal Notice ;
----------------
Copyright (C) 1991-2013 Altera Corporation
Your use of Altera Corporation's design tools, logic functions 
and other software and tools, and its AMPP partner logic 
functions, and any output files from any of the foregoing 
(including device programming or simulation files), and any 
associated documentation or information are expressly subject 
to the terms and conditions of the Altera Program License 
Subscription Agreement, Altera MegaCore Function License 
Agreement, or other applicable license agreement, including, 
without limitation, that your use is for the sole purpose of 
programming logic devices manufactured by Altera and sold by 
Altera or its authorized distributors.  Please refer to the 
applicable agreement for further details.



+-----------------------------------------------------------------------------+
; Flow Summary                                                                ;
+---------------------------+-------------------------------------------------+
; Flow Status               ; Successful - Thu Jun 04 23:44:01 2020           ;
; Quartus II 64-Bit Version ; 13.0.1 Build 232 06/12/2013 SP 1 SJ Web Edition ;
; Revision Name             ; sqrtmachine                                     ;
; Top-level Entity Name     ; sqrtmachine                                     ;
; Family                    ; MAX II                                          ;
; Device                    ; EPM240T100C5                                    ;
; Timing Models             ; Final                                           ;
; Total logic elements      ; 47 / 240 ( 20 % )                               ;
; Total pins                ; 14 / 80 ( 18 % )                                ;
; Total virtual pins        ; 0                                               ;
; UFM blocks                ; 0 / 1 ( 0 % )                                   ;
+---------------------------+-------------------------------------------------+


+-----------------------------------------+
; Flow Settings                           ;
+-------------------+---------------------+
; Option            ; Setting             ;
+-------------------+---------------------+
; Start date & time ; 06/04/2020 23:43:51 ;
; Main task         ; Compilation         ;
; Revision Name     ; sqrtmachine         ;
+-------------------+---------------------+


+------------------------------------------------------------------------------------------------------------------------+
; Flow Non-Default Global Settings                                                                                       ;
+---------------------------------------+---------------------------------+---------------+-------------+----------------+
; Assignment Name                       ; Value                           ; Default Value ; Entity Name ; Section Id     ;
+---------------------------------------+---------------------------------+---------------+-------------+----------------+
; COMPILER_SIGNATURE_ID                 ; 154027290594461.159128543118792 ; --            ; --          ; --             ;
; EDA_DESIGN_INSTANCE_NAME              ; NA                              ; --            ; --          ; sqrtmachine_tb ;
; EDA_NATIVELINK_SIMULATION_TEST_BENCH  ; sqrtmachine_tb                  ; --            ; --          ; eda_simulation ;
; EDA_OUTPUT_DATA_FORMAT                ; Vhdl                            ; --            ; --          ; eda_simulation ;
; EDA_SIMULATION_TOOL                   ; ModelSim-Altera (VHDL)          ; <None>        ; --          ; --             ;
; EDA_TEST_BENCH_ENABLE_STATUS          ; TEST_BENCH_MODE                 ; --            ; --          ; eda_simulation ;
; EDA_TEST_BENCH_FILE                   ; sqrtmachine_tb.vhd              ; --            ; --          ; sqrtmachine_tb ;
; EDA_TEST_BENCH_MODULE_NAME            ; sqrtmachine_tb                  ; --            ; --          ; sqrtmachine_tb ;
; EDA_TEST_BENCH_NAME                   ; sqrtmachine_tb                  ; --            ; --          ; eda_simulation ;
; MAX_CORE_JUNCTION_TEMP                ; 85                              ; --            ; --          ; --             ;
; MIN_CORE_JUNCTION_TEMP                ; 0                               ; --            ; --          ; --             ;
; POWER_EXT_SUPPLY_VOLTAGE_TO_REGULATOR ; 3.3V                            ; --            ; --          ; --             ;
; POWER_PRESET_COOLING_SOLUTION         ; No Heat Sink With Still Air     ; --            ; --          ; --             ;
; PROJECT_OUTPUT_DIRECTORY              ; output_files                    ; --            ; --          ; --             ;
+---------------------------------------+---------------------------------+---------------+-------------+----------------+


+-------------------------------------------------------------------------------------------------------------------------------+
; Flow Elapsed Time                                                                                                             ;
+---------------------------+--------------+-------------------------+---------------------+------------------------------------+
; Module Name               ; Elapsed Time ; Average Processors Used ; Peak Virtual Memory ; Total CPU Time (on all processors) ;
+---------------------------+--------------+-------------------------+---------------------+------------------------------------+
; Analysis & Synthesis      ; 00:00:02     ; 1.0                     ; 4623 MB             ; 00:00:02                           ;
; Fitter                    ; 00:00:02     ; 1.0                     ; 4768 MB             ; 00:00:02                           ;
; Assembler                 ; 00:00:01     ; 1.0                     ; 4519 MB             ; 00:00:01                           ;
; TimeQuest Timing Analyzer ; 00:00:01     ; 1.0                     ; 4528 MB             ; 00:00:02                           ;
; EDA Netlist Writer        ; 00:00:01     ; 1.0                     ; 4499 MB             ; 00:00:01                           ;
; Total                     ; 00:00:07     ; --                      ; --                  ; 00:00:08                           ;
+---------------------------+--------------+-------------------------+---------------------+------------------------------------+


+----------------------------------------------------------------------------------------+
; Flow OS Summary                                                                        ;
+---------------------------+------------------+-----------+------------+----------------+
; Module Name               ; Machine Hostname ; OS Name   ; OS Version ; Processor type ;
+---------------------------+------------------+-----------+------------+----------------+
; Analysis & Synthesis      ; LAPTOP-M3G24LN5  ; Windows 7 ; 6.2        ; x86_64         ;
; Fitter                    ; LAPTOP-M3G24LN5  ; Windows 7 ; 6.2        ; x86_64         ;
; Assembler                 ; LAPTOP-M3G24LN5  ; Windows 7 ; 6.2        ; x86_64         ;
; TimeQuest Timing Analyzer ; LAPTOP-M3G24LN5  ; Windows 7 ; 6.2        ; x86_64         ;
; EDA Netlist Writer        ; LAPTOP-M3G24LN5  ; Windows 7 ; 6.2        ; x86_64         ;
+---------------------------+------------------+-----------+------------+----------------+


------------
; Flow Log ;
------------
quartus_map --read_settings_files=on --write_settings_files=off sqrtmachine -c sqrtmachine
quartus_fit --read_settings_files=off --write_settings_files=off sqrtmachine -c sqrtmachine
quartus_asm --read_settings_files=off --write_settings_files=off sqrtmachine -c sqrtmachine
quartus_sta sqrtmachine -c sqrtmachine
quartus_eda --read_settings_files=off --write_settings_files=off sqrtmachine -c sqrtmachine



