根据数据显示
最终获得第三
都是从中国买的
他们也开始找到自己的价值
皮球在门前划过
世界排名火箭式蹿升
回顾了这两周激动人心的旅程
双方几度交替领先
少公他们阻止了哪个会
中资企业的钱也没有打水漂
依然是具备绝对威慑力的球队
据用馆仿佛又回到千年前风火楼台
在大学校园里
因为西奘整个片区是一个贫困区
仅用不到一年时间
两人之间原本也没什么根本性的矛盾
委内瑞拉必经又是由
并非英国所称的俄罗斯情报人员
轮滑少年们继续滑行
让消费者对插线板的电牙有个初步认识
如果中国队控制好进攻的利量和高度
无论你有多少钱有多少房子
并讨论了外国对其公司网站的干预行为
中介公司由此制定了该公司职员不能作为公司房源的购房人的内部规定
不允许再有新的文身
他还是会在空闲时间参与台球赛事
在经济社会建设进程中
不要忘了深圳人或在企业层面的追责
有关训练活动是中国军方正常的训练
可谓无往理念以来最为优惠的票种
车手们也是铆足了耳环炮异常
商水县立即组成专门工作组进驻相关单位
因为我们对自然得争夺铜饰等与社会和政治的结构都是跟着它发生关联的
谈些认识和体会
球队输球应该看到与恒大客观实力的对比
其中一个就是巨额的银行贷款
一是怎么定嘴
镇中心的广场在周末还会摆起二手交换效叹
我已经很多年没参加这种规格的比赛
第一结果均是其官方网站
中方一贯的态度是贸易冲突
至少是他提常嘴里扒
缺少了一些运气
很难找到好的工作
三甲排名的变数随时都会再度出现
手上就是一个算盘
要求我的球队不要去考虑其他的比赛
英国主导了世界诸多地区的贸易
严重破坏湿地生态
但日本直排而衔阵容出战
菲律宾同中国展开合作也有利于缓解双方关于南海的争议
此后连续三分部中
皮球虽然是大力沉
该机构将只有继续运转所需的最低数量的法官
也是足球的中国特色之一
更对美国的无力感舌特别敏感
大国参与下的叙利亚政治格局不可能那么容易就恢复平静
确要求别人耐心修行
国内网络舆论的反响随强烈
对于产业结构的调整
位和封近一个多月后才将礼物系统关闭
者大幅降低了他们的存在感
之后官方证实
万礼受命出任铁道部部长
他又提出了他自己的看法
原来的生育政策不再适应社会发展的需要
这不利于双方管控分歧
积极探索完善符合互联网审判规律的工作模式和机制
这个是大是我的亲自抓
这个是历史上的规律
也是上月初他遭遇为邃糍
还是有一定争议声音
刚刚说了平生最无奈的一句话
但放在奥运不具备夺金实力
彩霞得了决心
球稍稍高出横梁
奥巴马也呼吁年轻选民们踊跃投票
毕业于天津大学
美国就又会陷入中东泥潭
但是人心散了
大主播可能有更高比例
如涉嫌职务犯罪的要移交检察机关处理
而且除了第一和第二的用室外
其官网首页显示
岛内民众抗议活动不断
奥沙利文洪侠两杆破百
龄阶段开也无暇顾及
成其犯有癌症等多种疾病
不仅仅是一场胜利
脑子有些发蒙
因为打完这场比赛
不知道是有意还是无意
营养专家和你聊聊各业实务的那些事儿
此消息也得到了英足总递缺人
会有一次健身马
担心证恰恰不允许作出更多的调整机会
检察院没有为她办过保外就医手续
相对理性的生育观得以确立
年龄在十四五岁左右
他也不想去了
中国和英国交好
这与他一王卫队又为冰的角色极不相符
火箭在客场击败爵士
因此意义更加重大
县区工作不好干
本轮苏宁总体延续上一站首发阵容
造福两国人民和世界人民
他的首发位置没有了
不过之后出现改判
百度推广人员告诉新京报记者
别的球迷说起了你没有经历过的年代或者是你不认识的球员
但他却在这个时候达到了职业生涯的最高峰
也成为此次论坛会址不去的焦点
都在俱乐部官网发声明表示刘兑肋
头上动土地可能不是同一个人
皮球击中横梁上沿弹出
孩子还没满月
已经有数百名学子因此受惠
共同拽拉绳子勒给某某的颈部
长期从事这个工作和研究的人提供了这些最基本的数据
也是痴心妄想
主要表现为三种形态
冰岛大部赢了
连放狠话的同时
在中场展开了寸土必争的拼抢
现任总统支持率每增加
辽宁队此前计划到克罗地亚参加金标赛
凭借更胜一筹的实力和第九局中的完美表现
本届亚运半程结束
这是建立在地将论文作者都健在的情况
背靠中国广袤的市场和世界第一的外汇储备
他说规费科收的钱应该教材正
解决难度很大
老师强调这些场外的甚至是私生活方面的消息
球迷对于本场比赛的期待也越来越接近临界点
几名女子在一旁摆桌招剩
于他的性格一样
包括规模以上工业增加值的增长速度
双方签订了长期供销合同
客场对犹他爵士
经理及后保级附加赛而侥幸留在德甲
这倒也没什么
主要是大陆和岛果片为主
完美展现杭州没井盖是无双
这两天中非合作论坛北京峰会的盛况已在此充分表明
然而现在时间流转
张本智和反拉匾显示出节
最好的机会就是赢球和家庭可以兼顾
家长能对孩子的性需求有更科学地引导
对于第一次对张大辉的内容
管理各类项目
过往的交锋记录对本场比赛没太大帮助
跟现在的消费水平不太匹配
他们俩传查空当的能力非常强
以色列所提供的数量较小
除了待棚改的平房区
其实最重要锁定东部前三都有麻烦
只有美国第一
你可以向有关监管部门了解
们主确拒绝了
那这就可能与俄罗斯和伊朗发生正面冲突
社会治安综合治理工作任重而道远
确实是他们国内最强的一批人
在半年时间里
立刻就是一颗随时可以引爆的巨大定时炸弹
结合成了统一完美风暴
之后还有一段微信聊天记录被爆出
国安迅速形成反噗
恐怕今后也难有人可以望其项背
没有过多的岛礁
御林军还需要面对联赛和足协杯的双线作战
只要我们提出好的内容
试图展示她中的巨奖后带来的成就感与个人魅力
我已感觉有点不舒服就会马上停
让齐达内的球队直接退出西甲冠军的争夺
不要动辄诉诸媒体炒作
这一级别的首席联络关族裔作为有份量的谈判代表开展交舌
连续在外线命中不讲理三分球
转会看起来即将成行
对社会治安造成了严重破坏
今年是其连续举办的第六年
更不要让人家说
我不想说我完美无缺
在传统文化中
包括这些年的整体投入
微笑着看着我
有一定的体量
形成了一顶险情
就像十年前的那一轮大牛市是有股权分置改革激发的那样
光天化日之下公然带人打砸王盏电脑
提前进行准备工作
看起来就是这么简单
分两个阶段进行
难度之大可想而知
亚泰方现盯人不仅
企业全部关闭
球员注意力不够集中
但他们反而会在其他地方造成更严重的拥堵
又无法在实站重复验证
而他们显然把目光放在了买断市场
菲律宾基于利用南海的这些资源解决能源短缺问题
但站在此渴望向东京
也没有过的好
还要销处相对贫困
恐怕也是没人能破了
推干就比较轻松一些
机会时给有准备的人
这个你上小学之前可能就述职有数的赐予
比赛进入四球猴
但基本也跟居广蹬绝缘了
者在前三轮的一家比赛中都有体现
引起了全社会广泛关注
建起无数病骅
对于国安来说
汉族同质比例是比较少的
两人将有一场直接对话
由于离岸金融工具也作为信息而被申报
请条球门后巅
创下赫然露出了一只脚
尤其在肯定下级工作的时候
在他的表现出现起伏后
有的时候产品产量没有增加
以求美金还丢了其个逑
土地使用权则由其现
会不断有年轻教练用冼
而在联系实际的过程中
接下来的一年多时间里
或建也因此有些大医
两个优秀的共计收租和不等于无往不利进球如麻
结构进一步优化
但这些是自己造成的
在世界任何正常国家重
在美国选民中传播山东兴信息
他们在这里收到了俄罗斯人民的热情接待和悉心照料
这些都是非常值得一提的辑录
高时要求村民不能把责任田租赁或转让
于洋受伤下场对北京国安的后危险来说是个非常不利的因素
也有意在内的定居十余年的钢轨璋这
时医治者因咪非常强的球队
比利时也被法国挡在了决赛外
但自从她换了份新工作
成为了俱乐部是伤得最佳射手
其他可能引起火已经引起不良影响的政治话题
也证实枪手进攻不力的一大症结
莫过于集体观看市一间不雅视频
上岗券队的心情不错
更长的赛制也将让比赛变得更加精彩激烈
万里也成为中国农村改革的重要倡导者和推动者
台当局面子上挂不住了
虽然这种强制性做法是否合理有待商榷
正在东亚展开
还为观众加言乐趣目
这一行政命令被最高法院推翻
能够坚持读书
我不会这么说
在此次行动中
害怕有生气得他叫来了两个同事陪着自己
走了一边以后当然也在做一点其他的文字的调查
不温不火的城际
之后这条谣言变钰昨天开始在国内的网络上传播
作为隐私权的被侵害者
正好扔在小王房间外面的铁皮遮阳板上
这种交易违反了最惠国待遇
大量的房地产开发企业进入三四线城市
经常回顾当初改革共识的内容以及他的艰难形成过程
你近期会考虑回国马
而是能够在各个方面为球队提供帮助
为西班牙小力气建
时戒备重返中国
或间命中率也不高
基本实厅抢跑的基线
贵阳市公安局南明分局经济犯罪侦查大队日前在火车站八大乡一居民楼内
截至记者发稿时
在经历了三年的摩擦后
后者劲射破门
一起试行期为满保外就医
世界需要一个替代美元的贸易和交易货币
这对于创业者来说难道不是更好吗
而成了每个普通人触手可及的东西
会更多的倾向提拔有地方是干经验的干戾
所以还是看好国安霸
两支球队都很强
最后一颗黑球于目求一同落入低代颇具观赏性
由于为了适配不同茶投
尤其要打破关希望和利益藩篱
我比较了解他
都有一种恨铁不成钢的感觉
真细比赛机会
克林也因此失业至今
鼓励跑者一切以自身的安全为跑马的前提
用时不断缩小差距
目前接受市政府已经成立专门小组处理此事
参赛最多的球员是谁
职业化最成功的项目
但可能的结果是打不出好的表现
奥沙利文表示满意自己的表现
所有参与这次策划活动的中国员工都自行颠覆了来挥急救以及在美国的日常开销
变非常迅速地回到了巅峰的状态
足球世界也很不一样
但是它的射门却是分步走运的集中了门框
就是很感谢球迷们一直以来的支持
开局阶段两人陷入防守大战
让他们也从起居中学学博一的道理和方法
更让球迷揪心的是
那就是浙江和湖北
基层干部忙于处理各种矛盾的情形
这东西十三年前在家门口种树时挖到的
怎么能轻易承认并辞职
出现了断裂或是脱节
不过是在选些廉价而无用的刻板印象
阿圭罗禁区左侧左脚劲射打在边网
中国球迷的期待也在刺被拔高
球队在进攻和防守中找到了平衡
就没有现在的房烁
就停埋一段时间
美国官员透露
但是他的进工这么贴
这是邱已经出了底线
但吸引了门将与后卫
这个是个人能力的体现
还有的把挑战规则
这位中场球员正在考虑去重国
第一搜索结果就是中国知网官网
要求归还四个岛屿
发现她其实没有真正读过几本书
不得不露着贝坚持完成了比赛
晨解除档案的机会
有人又提出了这个问题
这次讲座不能错过
在韩国最大的航空公司大韩航空官网的机票预订界面上
主教练里皮也并没有太多办法
而是在纺织是受到了外来细菌的二次污染
免费兑换一张本场比赛球票
男女篮和女排都夺得冠军
会议召开前夕
反倒是身话差点把恒大逼平了
于是把发票退还
现实就是这样残酷
我只会在意那些建设性的批评
而且这严重影响到了他的投篮姿势
但我相声老师也不希望我们因此消沉下去
更是为保障石油供应下足了功夫
关键词推广安电机收费
选择成为守护规则的少数人
土地流转收入
严重危害群众生命财产安全
然而进入淘汰赛后
还是让本场精彩的比赛失色不少
数以千计的人逃往毗邻戈兰高地的地区
他不想给自己太多压力
最近被公诉了
扬子晚报记者多方求证获悉
也让主创团队在正式演出前得到观众的反馈
也是感谢一直以来支持我们
那么我将继也将是很正常的
深入推进法治中国首善之区建设
从关税和贸易总协定开始
也意味着赢了球也可以被黑
同时也可以区分开来的一个概念
给我们也提出了课题
并将与工商等主管部门协同后续处理策略
截至二季度末
期待我们能有好的成绩
大多就是现实生活中的人妻人母
也同中国主动的外交布局有关
要利用新技术让百姓享受便利
如果美方不顾反对
俱乐部因为价格的原因也没有顺利引进他
在情绪紧张的情况下不能完全发挥出自身的水平
它对运动员有一个要求
他依旧会根据机亦按照以往节奏按部就班地进行着
但是错误的做法造完要改过来
营养专家和你聊聊各业实务的那些事儿
他也打不到自己的期望目标
西班牙的战术已开始很难贯彻
尔西部最后一个名额将在三支球队间产生
他并不指望能在法拉利得到一年学习的机会
实力上的营商也许会慢慢的反映出来
也让他感觉到自己是个真正的女人
希望其他球员能尽快追上他们的脚步
虽然身体累一点
献血不住地往下流
医生为第一书记的身份
主动提出赔偿方案
债务解决了吗
被要求留下公司名称与电话
映发布老山备谈判已失败告终
就在于文化的建设
不仅报名无效
根据修改后的赛程
我觉得还是有压力
即便在比赛时
出了拒绝支付货款崴
或先率领国家队冲击俄罗斯世界杯
还有来自房地产企业的负责人
不过第二轮比赛他就为自己证明
器与名次并列世
我跟满城说的很清楚
也需要花财政的钱
包含着人生的哲学和世界战略
是私营经济的一种萨酵方式或一个技巧
从中非法获利
笔者认为没有什么可以直疑惑之宅的地方
进而换上一只硕大的牛头
已被公安机关采取刑事强制措施
两名官员告诉美国有线电视新闻网
月相求纹就可能会出现了偏差
建设性管控分歧
观众在欣赏完它们的精彩作品后也会相
河谷地带日照充足
统一部长官的政策助理将出任常驻联办的辅助人
千呼万唤的内马尔终于出厂
他的身体状态必然要走下坡路
他捐给了中国扶贫基金会
老百姓是同情达理的
但根据在场人士的专属
在成为世界第一的道路上
涉嫌构成违反治安管理行为的
不然被挖池界不宄
不能指望环保部门一家来做
也是一名人民教师
保障人们财产权
奥沙利文手感火热
作便穿的灰蓝色军服是国民革命军第二十九军的军服
总难免有瓜田李下的尴尬
也被外界看作是实践的问题
乘坐日本政府提供的汽车来到灾区
这是有的医院就像
一个行政命令颁布后
内心都诚惶诚恐
而在听证会上
要求的材料就会少很多
当美国对台做每件事情是
但英格兰球星的射门被对方门将扑了出来
那可能足以迫使他们更多的对抗
两年后的欧洲杯
水谷孙主动贬值显得分
完全可以毫无怯色地说
建设社会主义没有统一模式
整体实力处于下风的中国队开局不利
这既是他的第一份保险工作
如果超过其现
把阳台解除去一块当成我市
要从他们身上找出新闻绝不是什么难事
其他论坛成员国领导人可能也不会接受这一行为
全面深化改革是一项复杂的系统工程
将主场球迷的气势压制下取
如今两个多月的时间过去了
推动网络空间法治化
客观上将生态问题不是一个简单的问题
接下来时惊心动魄的合纵连横
小选手们都力争在最后的王者之战中发挥最佳的水平
四人上一饮料迁从打麻将的费用中扣除
他和病魔作斗争的时候
暗示法方仍存悬念
他完全没法回畜以往的水平
我不会在百度搜
将选出十三名骑手进入本赛
反对派和政府摩擦不断加剧
可以按照自己既定的目标进行一些真实的检查
根据中国工商银行香港分行的数据
很可能就此不必例示人后陈莉对
总是伴随着祈福
他也不知道被医生教育过多少次
天下就没有不实施的文字
以此来回馈无翰球迷
也不必每画一个鱼龙混杂的群体
应急分队全副武装展开经结部署
一直处在国际舆论的漩涡中
几乎每户墙上都贴着大大的白纸
就决心要向她展示
我根正一声我们一起牵头召了一批人
他部不太会出门
中国射击队整体实力强大
以色列会停止向他们以前所属派别提供援助
还有一个冬季就是试图通过贸易规则制定限制中国
目前我不掌握具体情况
我们留心观察着周围人和可疑的情况
成为第一大股东
深入论证改革举措可行性
后又撤回起诉
吻一吻后变的剧情
干法和想的不太一样
拿下发展联盟生涯首个凉爽之差最后一步
都不乏这类骗鄱
这将缩小中美贸易逆差
位居城区前列
诺将优可能就要黄了
中国足球的整体水平并不会也没有可能因为里皮执教国家对二提高
对此有何评论
现在没人跟李皮叹
立批对球队的掌控力已经不够了
外国留学生规模已成为衡量大学国际化水平的重要指标之一
但是随着人们对开放型文化接受程度地扩大
我怎么总是这么担忧
美国的关税政策对美国经济增长形成潜在负面影响
二要有全局观念
当时就配合得很好
第一时间联系了当事司机
变成了谐音字
但在下半场上演了逆转一亩
足以让它成为一个励志人物
搜索历史数据库
他们为中国的人口优化作出了杰出的贡献
把角度全封住了
社会远未形成对强势利益集团的充分值越
多鼓励国产的教练
越是急于求成
并具体体现到自己的全部工作中去
现在许多人腰包鼓起来了
也取决于大陆和美国的博弈
肯定会选择状态最好的球员
他向来在媒体面前有腔有调
面对于恒大一战的不腮
那你这个县长书记是不合格的
而且有进球也有助工
上前打听起来
这些战机的超音速飞行能力意味着
德国名将波尔被淘汰
中国选手获得两馆合一个第三
他领导的安徽农村改革
法国与英国未能达成下稽山北部劳歇一
刚刚结束的亚运会
他的儿子没有办婚礼没有宴请
显得十分大度
西方正与俄罗斯处于对峙状态
希望球迷能够理性对待
这样的彩头就光洲当地的收入水平来说
选择谁来执法本场比赛
在一场对阵英格兰的比赛中
价值观距离每增加一个标准变量
工业消费品供过于求的局面短期不会改变
作为国内历史悠久且极其专业的摩托车赛事
坚持一个中国原则
他是我奋斗的榜样
对其他国家造成威胁
这些著作大多是东拼西凑
现在融资一个以
我们依然不知道那个人是谁
给相关国家加大经济此既提供了空间
在处理南海问题方面对中国采取了较为温和的态度
一直没有回复
进就天津地区而言
请求直升机再次调运
也是难以不断前进的
以色列还对伊朗在叙利亚的军事基地发动恐袭
可是暂停后中国组合的表现仍没有起色
现在学校大力做学生安全教育工作
而是那些因兑现状不满而美化计做时代的前改革坏韭
但又不得不接受
他在发球台上犹豫是否该用一号目还是三好墓的市后选用一号目
但能否发放仍存悬念
为了保证本土赛事的票房
一想到他们为了赚钱
我们来世再做夫妻
我们不讨论有关保护我们机构或人员的特定安全是一
对于产业结构的调整
将来就是罪过
当国内最好的球员聚在一起事
现在的她虽然过了巅峰期
忍无可忍之下
经常有学校成批量的把在校大学生送到工厂一线定梯操作工
事情应该是这样
总书记并未重复这些数据
湾理事冒着政治风险
一定要算好时间
将对球队大有裨益
你是领到就跟群众优势非
都从内部不懈努力
这是很常见的亲销售发
据说有些人在以色列
就是我们现代社会的基本构造是按照这个结构来得
也有浙江稠州和山西队两支实力不弱的球队
他已经从日本国立音乐学院毕业
他的人生也因此翻开了新的篇章
就业形势不容乐观
直接对话的胜负才会更有多管得说服力
还是可以控制对方一点
所以只要国家对照换
然后能够流畅地推进到前场
典暨寻找规律按妞
现在真要去了
也慢慢找到了自己的进攻节奏
尽管不完美但是还不错
截至记者发稿时
就是补办手续
是一个水到渠成的过程
出了盲目的责备和抱怨
当你拥有一个年轻球员的时候
那个时候里批发货了
他在比赛中的几个战术布置特别值得玩味
这些附加功能是没必要的
赢下比赛是一件非常困难的事情
业在新千年到来之时经营上一泻千里
也许并不是偶然
我记得是在那次会议过程中我第一次听说有这个户跳下建水坝的计划
询及发泄不满
让这个影响变得不大
国安一但拿不到球
中国给委内瑞拉的带宽
出动了那份多年前的会议的时候
异常激烈的争冠大战就此失去悬念
防守方面还需要改进
国际舆论发生了很大变化
他选择了一条不寻常的道路
走个京港国菖
后来接受采访的时候
依靠着中国队以镇滦
我俩在洗手间相遇
首局后手优势得到两分
以做到违纪行为情终于处理结果相适应
那个时候就有点虚了
我建议本案发回重审
他们将加强管理
一且矛盾纠纷都必须在法律的框架下解决
胆尝试一下也是好事情
未能蝉联冠军
对人和非皇马球迷来说
还有其他的目标吗
你能喝点酒的
南街村的实际是什么
去年球队取得前四名的好成绩
而火箭今天入过国管
成群的鱼儿再清澈的湖水中游动
中期选举只是国会选举
还在以每月数场的频率坚持言出
我觉得这是市场行为
所以今天在合滔天的比赛中
相信这将有利于进一步巩固发展中朝传统友谊
二是输球的方式让他难以接受
但从电视转播的几位来看
因为被控与未成年少女发生不恰当的性行为
情书请前面有多少各龄
我们都在非常困难的情况下打球
更是晴天霹雳
此前结束的亚运会上
希望他们成为可被接纳的林国
所以我想你对这个问题时非常清楚地
而如果仔细查看这张照片
太大的面渗透在国案禁区内制造威胁
并载明了股权价值的两种计算方法
国安替补席有人质疑太大约为
人自然会有荣誉感和存在感的需求
仪式为奥运会预选赛锻炼队伍
还曾尝试过登山运动
但精神上者很艰难
但最终无欢而散
其是在比赛真正开打之前
尤其是对市场关闭的担忧会导致经济集团的形成
最新研究指出
之后他有及早出现失误
否则就按照公司相关规定处理
也有舆论注意到
很粗坊去看一看就走了
竟然藏着这样一个内宄
大家又不是傻子
会使人们比平常更注意这些
广州恒大仅次于上海上港
感觉有两个都不应该
但实际上这种情况并未发生
深圳人遭泥石流逃升值南
者使用时对当初招募他的原因
随后步行他是无过多
比较少跨界雕衽
展现出一颗破且融入团队的新
个人拿到西甲金靴贺欧洲金靴奖
但是放在目前这个敏感的节骨眼上
彼此通过微信交流
这也是叙内战爆发后
他有意地用力将球踢出了很远
各个部门都要负起责任
他们都想要成功
这种心理落差当然会让人很难接受面枪战平波兰的结果
在家门口建起了大巴
我们办公室同志讲
当前中国外交
诺为对防守严密
资及已依约按时履行合同义务
不过他并未现身
比赛进入决胜局
在州种牙关大捷后
但这仍是一个不能忽视的问题
当射箭女子个人范区公办决赛
此次向预示两人在大型排名赛决赛中的首次对决
那就是关于儿子们的
据豆豆爸反应
核电站都经过一系列的加固
杭州市萧山区疾控中心发布一则消息
下一步将会继续以基础信息采集为抓手
也会比较遗憾
意搭架子不欢而散
张某某乘坐其女儿的轿车到案发地泡温泉洗浴
至少我是不抱太大信心的
若被举报官员真有贪腐行为
台湾民众戴上白色面具
就接着玩手机
这场变革会成功吗
看到过一些关于足球的不懂装懂的言论
就能收获如此巨大的惊喜
拥有哈佛大学的经济学博士学位
手阵容不稳定影响
而在于它的行动有多具体
如果再加上一些运气包括判发因素
你会不会觉得很惊悚
巴黎圣日耳曼
热苏斯伤愈回归替补席
即便没有美国市场
其中很大一部分时提供中文服务
还在以每月数场的频率坚持言出
但重新重用老将
中美贸易摩擦出现新动向
在一线对比赛期间
才在巴基斯坦投资了大量的基础设施项目
机陀全民族的愿望
司可没有漆的黑契自然要从棋盘上拿走了
更是直接激活了枪手中前场的多把利刃
委内瑞拉是中国的全面战略伙伴和重要经贸合作伙伴
等他睡着了我再出去
但在面对现场很多人发言时却误降日本料理烁成中国财
即使面对强队也展现出了不错的表现
中国表示愿意协助处理问题
你都不知道跑蜜心里有多慌
大家或许会觉得会很尴尬
而这些场外新闻
而且运动员对一些技术动作的环节
这种说法是没有科学依据的
让人看不到从根本上解决问题的希望
就能重建自己的家园
造成蔬菜价格出现一定波动
这让一些国家心里很不舒服
在下半场他调整了阵性
他被视为一个野蛮的体求者和一个违反规则赢得胜利的人
那么球队内线战斗力将完成省级
争夺本年度最后一襄超五赛事的冠军
面对这场不能数的较量
阻力再大也要坚决果断处置
场建在市委领导班子中排在第四位
其是可为说完全打出了自己熟悉的进攻节奏
能够赢得冠军
要八九个人站成一个小圈
恶意拖欠的员吲
担任常务副区长一职
这是球队这一阶段的训练成果吗
凡而又严重了不少
根据他的强项
搜索历史数据库
采取各种措施
感情一直不错
造成被告利益严重受损
者带来了一种希望
林高院不战而胜直接进入八强
国安的助力中位于阳就因伤离场
但他拒绝透露
全国生育率急剧下降
该报援引当时在场人士的话说
他们两人谁更出色呢
要赶上甚至取代美元成为世界上最受欢迎的交易货币
马上可以复制推开
为他的成长打下了非常好的基础
就向黔教授那样
在中国足协接下来的工作中
中方对此有何评论
中华文明的特点在于其社会的基本单位是家庭
所以他不会接受相薪续约火箭队
明天会在训练中加妈
免费兑换一张本场比赛球票
道县寒借款要略轻意泄
不为名也不为例
每人罚款两迁心态比了事
对于完全放弃外援限制名额的讨论
伴随考验的人数扩大了
这次选举被广泛视为对他的民意公投
登岛时机来临的时候
因为第一局对手有点顺丰
人间就像情景剧
中国队进攻和发球失误不断
就是今天勇士和开拓者的胜利者
不得不推出了比赛
此外也有声音认为
台网友发文质问
明年或许是更好的机会
所以现在要坐几个上千亿的企业
各路吃瓜群众也会对不进球这方面投去更多关注
以评估如何解决各欠问题
一直与有韩媒称
澎湃新闻报道此事后
英国网民炸了
有一定的体量
大部分时候他的突破威胁被抑制住
所以我才和他们一起办了锐度艺术培训班
检查车辆近千余台次
新赛季确实有人要走
多处山体道路明显可见雨水冲刷形成的水留用下善顾及到录
轮稳定性和整体对球队积分的贡献
是中国改个狂飙突进的年代
也是对语圈对意志品质的烤烟
一公司股票收盘价为依据判决确定赔偿具体数额正确
漂亮的就起一个擦网擦边球
以小组第一昂首出线
但却根本无力追上
其余的名单还会陆续公布
我们永远不可能成为一支镇政顶尖的球队
但在经验上我比他们丰富
事实上它的传中也很有威胁
所以医生没有虚度
我们还有一个良好的机制
据风级别虽然降低
毕竟这是侵略
倒逼中国进行深层次的经济和金融改革
能够为中国举起大气的依然只有她一人
多数人赛前还是对球队充满了信心和期待
他站在亚洲之巅
因为仕途后来成绸
而是采取过激行为
完全把事情搞乱了
当再担督查如实
为自己感到骄傲
一面心商人马组合带来的精彩表现
当事人自身存在一定过错
好好地谈一谈我们怎么样才能做到最好
比赛不仅是赢了
还是前国安球员
但目前的广州恒大
但对手更希望阻止我们夺冠
不过需要视具体情况而定
己真正要流入市场并通过货币交易进入寻常百姓家的消费产品
拿美国就只好把冠道给中国
我就非常喜欢他踢球风格
这个话题就我知道
油气开发也是一项复杂工程
荷兰队打得这么好
并正向纵深挺进
可能催生愈来愈具威力和破坏性的风暴
据会员国第三位
喜欢他的队友们
均应依法惩处
渔业资源丰富
足球运动非常复杂
广州恒大有讲注意力放到了他的一位前队友身上
但也没有什么丢人的
球队上下团结一心
他愿意撒多少钱
就是高快结合
金沙江还是需要水坝
若能够保持目前良好的势头
而如果仔细查看这张照片
国安今年已经是超越了自我
未将该合同交还给他
他来到场边观看回放后仍然盘乏
比起发家的纪律委员会
不用看都知道结果
并对其担任重要公职或参政权益采取管制措施
率先进行一次测试
以至于最后刹不住了车
高铁已成为中国人日常出行的重要交通工具
而如果仔细查看这张照片
这样的人大监督方式很给力
安排得更紧凑一些
让他气愤不已
不是为联手良机
军直接连接到了协和医院官网
球队上下在赛前表达了证明自己的欲望
让美国企业破产
在这一情况下
季度实途分手未过
握紧双拳在自己的要件不断地抖动着
并已经初见成效
以这样的方式给他们加油鼓劲吧
红尊柯意在国内大量养殖
或许在他们的成功学当中只要能够获得冠军
这位土耳其球员有水准
一个客场比赛能来这么多的主队球迷真的很不容易
握紧双拳在自己的要件不断地抖动着
他们有对那个年少的孝发如此念念不忘
英格兰球迷始终认为
实际上都是以环境问题为中心的
业在辐射到更多外地人
两位羽坛标志性人物一解禁生涯为生
只要你觉得自己是中国人就能上车跟祖国走
他最终决定立刻接受手术
但是还要竞争有序
文联主席本应有德高望重的文艺家来当
这样的时间每天都在发生
也要随时做好被重提的准备
本届大了一半后
曼城就像是一个击败不了的巨人
奥沙利文回邱县路偏差目求装到黑球停在了下班太
在之前双后钥体系当中
在的制飓风的消息后
基本没人听说过万里
中国增加了会费
为失误和违生殖提供可以衣服的基础
有的说一套做一套
意思也是明确的
是中外文化交流的平台
并且带领球队打进了总决赛
而比利时将在下一场国家队比赛中对阵冰岛
本来中小城市就人才少
让老百姓有更多的获得感
它的优势还要大
这看上去道理很组
主场气氛一下被推向了顶点
外远左右比赛胜负的情况屡见不鲜
同世界上所有热爱和平的国家和人民一道
德布劳内战术角球回传
他到了马来西亚和越南领空皎洁的地方
到国民的摩拜
尽管自己以领跑积分榜多时
又会下花多少呢
为美国的蓝领工人创造就业
耐力赛棋手非常艰难的在泥泞的山路继父又被卡罗来纳州特色的森林里穿行
嗨翻了很多常识错误
手段极其残忍
据美媒体报道
这半个小时内
一次是因为要上
于是两个投影以上不停地滚动放出许多留言
下一场是客场
也勇敢地戴上了呼吸机
这两年他根本就没有任何的进步
取得了两连胜
被对手进攻后我打得有点小心
公众个体意识有了显著增强
却没人将球传给他
遵守中国的法律法规
这些政策全部是公开透明
期望拓展更大的中国市场
因为媒体没公布
他们并不容易去挑战曼城
错过了省一对的机会
马术运动在中国已经从高端走向了大众
而美国对于我们的回报
有很好的天然高山雪菖
不代表新浪网立场
以成都市青白江区为例
而其他选手则明显慢了一排
而通过团体看耽祥
行政命令是总统单方面乡政府机构下达如何行动的指令
让我们把这一刻的美好留给他爸
耶市华韩整形的精品公司
单据之前的研究表明
综指日本非饪战队是各种不负
如果传球方的出球被抢断或者拦截
社会舆论有禹更多的着力于披露问题
向链家使用这批人员
因为我并不擅长发表感言
都有大幅度的提高
消息源还表示
基本上就可以散肋
当你拥有一个年轻球员的时候
如果你想降低贸易赤字
法国队是世界杯的冠军
我们说千古无同局
像一盆冷水一半以下让现场冷却下来
就是补办手续
虽然台湾好城市法治社会
这也给期满后是否要继续收取土地使用费打了个问号
谈判不涉及人和管理层的角色
更多是用铁路运输
业享受了一捌这个待遇
因清晨气象不佳
还曾经遇到过大腿拉伤的情况
在国足帅位上善始善终
身家性命受到威胁时
赶回家与亲友团聚
没有老师愿意叫她回答问题的
目前从民意上来看
皮丘能不能继续成为中国队主帅
在先丢一球的情况下
俄罗斯战机仍旧自行其是
明年夏天他将成为一名自由球员
并处五百元以上三千元以下罚款
下半场开场阶段
十几天前出现精神障碍
恒大一度被人们看蟀
和当时媒体的报道
中国队右路防守时有些问题
此后比赛陷入僵持局面
仿佛一点就炸的巴尔干半岛
第六局奥沙利文在开局阶段原台推入红求弹幕求钻入球队没有采球廉洁只好继续房手
所以我才和他们一起办了锐度艺术培训班
如何让反对你的人闭嘴
北卡罗来纳州的学校已经停课
我们当时把这个金沙江河谷地带一个村民的代表请到北京来
要让村里人扶的埠村一分钱
论文的第一作者是干苦力的学生活
其实我没有想得太多
最少也得打处绩干好逑
这可能不是世界上最好的联赛
万里在全国软科学研究工作座谈会上发表了重要讲话
虽然过程中也有祈福
只会加剧紧张局势
还会因为过渡以来苹果而将的话语权
大众网从济南市公安局扫黑除恶专项斗争新闻通报会获悉
最终未参加竞选
涉嫌侵犯他人名誉权
俄罗斯依然是叙利亚的望着
